<?xml version="1.0" encoding="UTF-8"?>
<testsuite xmlns:xsi="http://www.w3.org/2001/XMLSchema-instance" xsi:noNamespaceSchemaLocation="https://maven.apache.org/surefire/maven-surefire-plugin/xsd/surefire-test-report.xsd" name="pers.jun.AppTest" time="0.118" tests="3" errors="0" skipped="0" failures="0">
  <properties>
[...]
</properties>
  <testcase name="shouldAnswerWithTrue" classname="pers.jun.AppTest" time="0.001"/>
  <testcase name="test1" classname="pers.jun.AppTest" time="0.002"/>
  <testcase name="test2" classname="pers.jun.AppTest" time="0.003"/>
</testsuite>